[0.766s] Invoking command in '/home/iftekharulalam/ros2_ws/src/perception': PYTHONPATH=/home/iftekharulalam/ros2_ws/build/perception/prefix_override:/home/iftekharulalam/ros2_ws/install/perception/lib/python3.10/site-packages:${PYTHONPATH} /usr/bin/python3 setup.py egg_info --egg-base ../../build/perception build --build-base /home/iftekharulalam/ros2_ws/build/perception/build install --record /home/iftekharulalam/ros2_ws/build/perception/install.log --single-version-externally-managed
[1.002s] running egg_info
[1.002s] creating ../../build/perception/perception.egg-info
[1.003s] writing ../../build/perception/perception.egg-info/PKG-INFO
[1.003s] writing dependency_links to ../../build/perception/perception.egg-info/dependency_links.txt
[1.004s] writing entry points to ../../build/perception/perception.egg-info/entry_points.txt
[1.004s] writing requirements to ../../build/perception/perception.egg-info/requires.txt
[1.004s] writing top-level names to ../../build/perception/perception.egg-info/top_level.txt
[1.004s] writing manifest file '../../build/perception/perception.egg-info/SOURCES.txt'
[1.006s] reading manifest file '../../build/perception/perception.egg-info/SOURCES.txt'
[1.007s] writing manifest file '../../build/perception/perception.egg-info/SOURCES.txt'
[1.008s] running build
[1.008s] running build_py
[1.008s] creating /home/iftekharulalam/ros2_ws/build/perception/build
[1.008s] creating /home/iftekharulalam/ros2_ws/build/perception/build/lib
[1.008s] creating /home/iftekharulalam/ros2_ws/build/perception/build/lib/perception
[1.009s] copying perception/perception_node.py -> /home/iftekharulalam/ros2_ws/build/perception/build/lib/perception
[1.009s] copying perception/__init__.py -> /home/iftekharulalam/ros2_ws/build/perception/build/lib/perception
[1.009s] running install
[1.010s] /usr/lib/python3/dist-packages/setuptools/command/install.py:34: SetuptoolsDeprecationWarning: setup.py install is deprecated. Use build and pip and other standards-based tools.
[1.010s]   warnings.warn(
[1.010s] running install_lib
[1.011s] creating /home/iftekharulalam/ros2_ws/install/perception/lib/python3.10/site-packages/perception
[1.012s] copying /home/iftekharulalam/ros2_ws/build/perception/build/lib/perception/perception_node.py -> /home/iftekharulalam/ros2_ws/install/perception/lib/python3.10/site-packages/perception
[1.012s] copying /home/iftekharulalam/ros2_ws/build/perception/build/lib/perception/__init__.py -> /home/iftekharulalam/ros2_ws/install/perception/lib/python3.10/site-packages/perception
[1.012s] byte-compiling /home/iftekharulalam/ros2_ws/install/perception/lib/python3.10/site-packages/perception/perception_node.py to perception_node.cpython-310.pyc
[1.013s] byte-compiling /home/iftekharulalam/ros2_ws/install/perception/lib/python3.10/site-packages/perception/__init__.py to __init__.cpython-310.pyc
[1.014s] running install_data
[1.014s] creating /home/iftekharulalam/ros2_ws/install/perception/share/ament_index
[1.014s] creating /home/iftekharulalam/ros2_ws/install/perception/share/ament_index/resource_index
[1.015s] creating /home/iftekharulalam/ros2_ws/install/perception/share/ament_index/resource_index/packages
[1.015s] copying resource/perception -> /home/iftekharulalam/ros2_ws/install/perception/share/ament_index/resource_index/packages
[1.015s] copying package.xml -> /home/iftekharulalam/ros2_ws/install/perception/share/perception
[1.015s] running install_egg_info
[1.017s] Copying ../../build/perception/perception.egg-info to /home/iftekharulalam/ros2_ws/install/perception/lib/python3.10/site-packages/perception-0.0.0-py3.10.egg-info
[1.018s] running install_scripts
[1.043s] Installing perception script to /home/iftekharulalam/ros2_ws/install/perception/lib/perception
[1.043s] writing list of installed files to '/home/iftekharulalam/ros2_ws/build/perception/install.log'
[1.069s] Invoked command in '/home/iftekharulalam/ros2_ws/src/perception' returned '0': PYTHONPATH=/home/iftekharulalam/ros2_ws/build/perception/prefix_override:/home/iftekharulalam/ros2_ws/install/perception/lib/python3.10/site-packages:${PYTHONPATH} /usr/bin/python3 setup.py egg_info --egg-base ../../build/perception build --build-base /home/iftekharulalam/ros2_ws/build/perception/build install --record /home/iftekharulalam/ros2_ws/build/perception/install.log --single-version-externally-managed
