[0.018s] Invoking command in '/home/iftekharulalam/ros2_ws/build/custom_interfaces': CMAKE_PREFIX_PATH=/home/iftekharulalam/ros2_ws/install/perception:/opt/ros/humble /usr/bin/cmake /home/iftekharulalam/ros2_ws/src/custom_interfaces -DCMAKE_INSTALL_PREFIX=/home/iftekharulalam/ros2_ws/install/custom_interfaces
[0.030s] -- Found ament_cmake: 1.3.4 (/opt/ros/humble/share/ament_cmake/cmake)
[0.186s] -- Found rosidl_default_generators: 1.2.0 (/opt/ros/humble/share/rosidl_default_generators/cmake)
[0.188s] -- Using all available rosidl_typesupport_c: rosidl_typesupport_fastrtps_c;rosidl_typesupport_introspection_c
[0.191s] -- Found rosidl_adapter: 3.1.4 (/opt/ros/humble/share/rosidl_adapter/cmake)
[0.513s] -- Using all available rosidl_typesupport_cpp: rosidl_typesupport_fastrtps_cpp;rosidl_typesupport_introspection_cpp
[0.858s] -- Found ament_cmake_ros: 0.10.0 (/opt/ros/humble/share/ament_cmake_ros/cmake)
[1.076s] -- Using all available rosidl_typesupport_c: rosidl_typesupport_fastrtps_c;rosidl_typesupport_introspection_c
[1.343s] -- Using all available rosidl_typesupport_cpp: rosidl_typesupport_fastrtps_cpp;rosidl_typesupport_introspection_cpp
[1.613s] -- Found PythonInterp: /usr/bin/python3 (found suitable version "3.10.6", minimum required is "3.6") 
[1.618s] -- Found python_cmake_module: 0.10.0 (/opt/ros/humble/share/python_cmake_module/cmake)
[2.584s] -- Found PythonLibs: /usr/lib/x86_64-linux-gnu/libpython3.10.so (found suitable version "3.10.6", minimum required is "3.5") 
[2.584s] -- Using PYTHON_EXECUTABLE: /usr/bin/python3
[2.584s] -- Using PYTHON_INCLUDE_DIRS: /usr/include/python3.10
[2.584s] -- Using PYTHON_LIBRARIES: /usr/lib/x86_64-linux-gnu/libpython3.10.so
[2.608s] -- Found PythonExtra: .so  
[2.749s] -- Found ament_lint_auto: 0.12.6 (/opt/ros/humble/share/ament_lint_auto/cmake)
[2.817s] -- Added test 'flake8' to check Python code syntax and style conventions
[2.819s] -- Added test 'lint_cmake' to check CMake code style
[2.821s] -- Added test 'pep257' to check Python code against some of the docstring style conventions in PEP 257
[2.825s] -- Added test 'xmllint' to check XML markup files
[2.831s] -- Configuring done
[2.887s] -- Generating done
[2.890s] -- Build files have been written to: /home/iftekharulalam/ros2_ws/build/custom_interfaces
[2.898s] Invoked command in '/home/iftekharulalam/ros2_ws/build/custom_interfaces' returned '0': CMAKE_PREFIX_PATH=/home/iftekharulalam/ros2_ws/install/perception:/opt/ros/humble /usr/bin/cmake /home/iftekharulalam/ros2_ws/src/custom_interfaces -DCMAKE_INSTALL_PREFIX=/home/iftekharulalam/ros2_ws/install/custom_interfaces
[2.901s] Invoking command in '/home/iftekharulalam/ros2_ws/build/custom_interfaces': CMAKE_PREFIX_PATH=/home/iftekharulalam/ros2_ws/install/perception:/opt/ros/humble /usr/bin/cmake --build /home/iftekharulalam/ros2_ws/build/custom_interfaces -- -j4 -l4
[2.941s] [  3%] [34m[1mGenerating C code for ROS interfaces[0m
[2.952s] [  6%] [34m[1mGenerating C++ code for ROS interfaces[0m
[2.963s] [  6%] Built target ament_cmake_python_copy_custom_interfaces
[3.249s] running egg_info
[3.250s] creating custom_interfaces.egg-info
[3.250s] writing custom_interfaces.egg-info/PKG-INFO
[3.251s] writing dependency_links to custom_interfaces.egg-info/dependency_links.txt
[3.251s] writing top-level names to custom_interfaces.egg-info/top_level.txt
[3.252s] writing manifest file 'custom_interfaces.egg-info/SOURCES.txt'
[3.255s] reading manifest file 'custom_interfaces.egg-info/SOURCES.txt'
[3.257s] writing manifest file 'custom_interfaces.egg-info/SOURCES.txt'
[3.288s] [  6%] Built target custom_interfaces__cpp
[3.314s] [  9%] [34m[1mGenerating C++ type support dispatch for ROS interfaces[0m
[3.318s] [  9%] Built target ament_cmake_python_build_custom_interfaces_egg
[3.318s] [ 12%] [34m[1mGenerating C++ type support for eProsima Fast-RTPS[0m
[3.329s] [ 16%] [32mBuilding C object CMakeFiles/custom_interfaces__rosidl_generator_c.dir/rosidl_generator_c/custom_interfaces/srv/detail/component_status__functions.c.o[0m
[3.329s] [ 19%] [34m[1mGenerating C++ introspection for ROS interfaces[0m
[3.489s] [ 22%] [32m[1mLinking C shared library libcustom_interfaces__rosidl_generator_c.so[0m
[3.631s] [ 25%] [32mBuilding CXX object CMakeFiles/custom_interfaces__rosidl_typesupport_cpp.dir/rosidl_typesupport_cpp/custom_interfaces/srv/component_status__type_support.cpp.o[0m
[3.744s] [ 29%] [32mBuilding CXX object CMakeFiles/custom_interfaces__rosidl_typesupport_introspection_cpp.dir/rosidl_typesupport_introspection_cpp/custom_interfaces/srv/detail/component_status__type_support.cpp.o[0m
[3.759s] [ 32%] [32mBuilding CXX object CMakeFiles/custom_interfaces__rosidl_typesupport_fastrtps_cpp.dir/rosidl_typesupport_fastrtps_cpp/custom_interfaces/srv/detail/dds_fastrtps/component_status__type_support.cpp.o[0m
[3.764s] [ 32%] Built target custom_interfaces__rosidl_generator_c
[3.777s] [ 35%] [34m[1mGenerating C type support for eProsima Fast-RTPS[0m
[4.155s] [ 38%] [32mBuilding CXX object CMakeFiles/custom_interfaces__rosidl_typesupport_fastrtps_c.dir/rosidl_typesupport_fastrtps_c/custom_interfaces/srv/detail/component_status__type_support_c.cpp.o[0m
[4.339s] [ 41%] [32m[1mLinking CXX shared library libcustom_interfaces__rosidl_typesupport_cpp.so[0m
[4.510s] [ 45%] [32m[1mLinking CXX shared library libcustom_interfaces__rosidl_typesupport_introspection_cpp.so[0m
[4.578s] [ 45%] Built target custom_interfaces__rosidl_typesupport_cpp
[4.595s] [ 48%] [34m[1mGenerating C introspection for ROS interfaces[0m
[4.601s] [ 51%] [32m[1mLinking CXX shared library libcustom_interfaces__rosidl_typesupport_fastrtps_cpp.so[0m
[4.789s] [ 54%] [32m[1mLinking CXX shared library libcustom_interfaces__rosidl_typesupport_fastrtps_c.so[0m
[4.814s] [ 54%] Built target custom_interfaces__rosidl_typesupport_introspection_cpp
[4.829s] [ 58%] [34m[1mGenerating C type support dispatch for ROS interfaces[0m
[4.927s] [ 58%] Built target custom_interfaces__rosidl_typesupport_fastrtps_cpp
[5.001s] [ 61%] [32mBuilding C object CMakeFiles/custom_interfaces__rosidl_typesupport_introspection_c.dir/rosidl_typesupport_introspection_c/custom_interfaces/srv/detail/component_status__type_support.c.o[0m
[5.054s] [ 64%] [32m[1mLinking C shared library libcustom_interfaces__rosidl_typesupport_introspection_c.so[0m
[5.068s] [ 64%] Built target custom_interfaces__rosidl_typesupport_fastrtps_c
[5.149s] [ 67%] [32mBuilding CXX object CMakeFiles/custom_interfaces__rosidl_typesupport_c.dir/rosidl_typesupport_c/custom_interfaces/srv/component_status__type_support.cpp.o[0m
[5.195s] [ 70%] [32m[1mLinking CXX shared library libcustom_interfaces__rosidl_typesupport_c.so[0m
[5.225s] [ 70%] Built target custom_interfaces__rosidl_typesupport_introspection_c
[5.395s] [ 70%] Built target custom_interfaces__rosidl_typesupport_c
[5.417s] [ 70%] Built target custom_interfaces
[5.438s] [ 74%] [34m[1mGenerating Python code for ROS interfaces[0m
[5.813s] [ 74%] Built target custom_interfaces__py
[5.835s] [ 77%] [32mBuilding C object CMakeFiles/custom_interfaces__rosidl_generator_py.dir/rosidl_generator_py/custom_interfaces/srv/_component_status_s.c.o[0m
[6.091s] [ 80%] [32m[1mLinking C shared library rosidl_generator_py/custom_interfaces/libcustom_interfaces__rosidl_generator_py.so[0m
[6.300s] [ 80%] Built target custom_interfaces__rosidl_generator_py
[6.322s] [ 87%] [32mBuilding C object CMakeFiles/custom_interfaces__rosidl_typesupport_introspection_c__pyext.dir/rosidl_generator_py/custom_interfaces/_custom_interfaces_s.ep.rosidl_typesupport_introspection_c.c.o[0m
[6.322s] [ 87%] [32mBuilding C object CMakeFiles/custom_interfaces__rosidl_typesupport_c__pyext.dir/rosidl_generator_py/custom_interfaces/_custom_interfaces_s.ep.rosidl_typesupport_c.c.o[0m
[6.323s] [ 90%] [32mBuilding C object CMakeFiles/custom_interfaces__rosidl_typesupport_fastrtps_c__pyext.dir/rosidl_generator_py/custom_interfaces/_custom_interfaces_s.ep.rosidl_typesupport_fastrtps_c.c.o[0m
[6.430s] [ 96%] [32m[1mLinking C shared library rosidl_generator_py/custom_interfaces/custom_interfaces_s__rosidl_typesupport_c.cpython-310-x86_64-linux-gnu.so[0m
[6.431s] [ 96%] [32m[1mLinking C shared library rosidl_generator_py/custom_interfaces/custom_interfaces_s__rosidl_typesupport_introspection_c.cpython-310-x86_64-linux-gnu.so[0m
[6.440s] [100%] [32m[1mLinking C shared library rosidl_generator_py/custom_interfaces/custom_interfaces_s__rosidl_typesupport_fastrtps_c.cpython-310-x86_64-linux-gnu.so[0m
[6.558s] [100%] Built target custom_interfaces__rosidl_typesupport_c__pyext
[6.562s] [100%] Built target custom_interfaces__rosidl_typesupport_introspection_c__pyext
[6.622s] [100%] Built target custom_interfaces__rosidl_typesupport_fastrtps_c__pyext
[6.634s] Invoked command in '/home/iftekharulalam/ros2_ws/build/custom_interfaces' returned '0': CMAKE_PREFIX_PATH=/home/iftekharulalam/ros2_ws/install/perception:/opt/ros/humble /usr/bin/cmake --build /home/iftekharulalam/ros2_ws/build/custom_interfaces -- -j4 -l4
[6.713s] Invoking command in '/home/iftekharulalam/ros2_ws/build/custom_interfaces': CMAKE_PREFIX_PATH=/home/iftekharulalam/ros2_ws/install/perception:/opt/ros/humble /usr/bin/cmake --install /home/iftekharulalam/ros2_ws/build/custom_interfaces
[6.721s] -- Install configuration: ""
[6.721s] -- Installing: /home/iftekharulalam/ros2_ws/install/custom_interfaces/share/ament_index/resource_index/rosidl_interfaces/custom_interfaces
[6.722s] -- Installing: /home/iftekharulalam/ros2_ws/install/custom_interfaces/include/custom_interfaces/custom_interfaces
[6.723s] -- Installing: /home/iftekharulalam/ros2_ws/install/custom_interfaces/include/custom_interfaces/custom_interfaces/msg
[6.723s] -- Installing: /home/iftekharulalam/ros2_ws/install/custom_interfaces/include/custom_interfaces/custom_interfaces/msg/rosidl_generator_c__visibility_control.h
[6.724s] -- Installing: /home/iftekharulalam/ros2_ws/install/custom_interfaces/include/custom_interfaces/custom_interfaces/srv
[6.724s] -- Installing: /home/iftekharulalam/ros2_ws/install/custom_interfaces/include/custom_interfaces/custom_interfaces/srv/component_status.h
[6.724s] -- Installing: /home/iftekharulalam/ros2_ws/install/custom_interfaces/include/custom_interfaces/custom_interfaces/srv/detail
[6.724s] -- Installing: /home/iftekharulalam/ros2_ws/install/custom_interfaces/include/custom_interfaces/custom_interfaces/srv/detail/component_status__functions.h
[6.725s] -- Installing: /home/iftekharulalam/ros2_ws/install/custom_interfaces/include/custom_interfaces/custom_interfaces/srv/detail/component_status__type_support.h
[6.725s] -- Installing: /home/iftekharulalam/ros2_ws/install/custom_interfaces/include/custom_interfaces/custom_interfaces/srv/detail/component_status__functions.c
[6.725s] -- Installing: /home/iftekharulalam/ros2_ws/install/custom_interfaces/include/custom_interfaces/custom_interfaces/srv/detail/component_status__struct.h
[6.725s] -- Installing: /home/iftekharulalam/ros2_ws/install/custom_interfaces/share/custom_interfaces/environment/library_path.sh
[6.726s] -- Installing: /home/iftekharulalam/ros2_ws/install/custom_interfaces/share/custom_interfaces/environment/library_path.dsv
[6.726s] -- Installing: /home/iftekharulalam/ros2_ws/install/custom_interfaces/lib/libcustom_interfaces__rosidl_generator_c.so
[6.727s] -- Set runtime path of "/home/iftekharulalam/ros2_ws/install/custom_interfaces/lib/libcustom_interfaces__rosidl_generator_c.so" to ""
[6.727s] -- Up-to-date: /home/iftekharulalam/ros2_ws/install/custom_interfaces/include/custom_interfaces/custom_interfaces
[6.727s] -- Up-to-date: /home/iftekharulalam/ros2_ws/install/custom_interfaces/include/custom_interfaces/custom_interfaces/msg
[6.727s] -- Installing: /home/iftekharulalam/ros2_ws/install/custom_interfaces/include/custom_interfaces/custom_interfaces/msg/rosidl_typesupport_fastrtps_c__visibility_control.h
[6.727s] -- Up-to-date: /home/iftekharulalam/ros2_ws/install/custom_interfaces/include/custom_interfaces/custom_interfaces/srv
[6.727s] -- Up-to-date: /home/iftekharulalam/ros2_ws/install/custom_interfaces/include/custom_interfaces/custom_interfaces/srv/detail
[6.728s] -- Installing: /home/iftekharulalam/ros2_ws/install/custom_interfaces/include/custom_interfaces/custom_interfaces/srv/detail/component_status__rosidl_typesupport_fastrtps_c.h
[6.728s] -- Installing: /home/iftekharulalam/ros2_ws/install/custom_interfaces/lib/libcustom_interfaces__rosidl_typesupport_fastrtps_c.so
[6.728s] -- Set runtime path of "/home/iftekharulalam/ros2_ws/install/custom_interfaces/lib/libcustom_interfaces__rosidl_typesupport_fastrtps_c.so" to ""
[6.728s] -- Up-to-date: /home/iftekharulalam/ros2_ws/install/custom_interfaces/include/custom_interfaces/custom_interfaces
[6.728s] -- Up-to-date: /home/iftekharulalam/ros2_ws/install/custom_interfaces/include/custom_interfaces/custom_interfaces/msg
[6.728s] -- Installing: /home/iftekharulalam/ros2_ws/install/custom_interfaces/include/custom_interfaces/custom_interfaces/msg/rosidl_typesupport_introspection_c__visibility_control.h
[6.729s] -- Up-to-date: /home/iftekharulalam/ros2_ws/install/custom_interfaces/include/custom_interfaces/custom_interfaces/srv
[6.729s] -- Up-to-date: /home/iftekharulalam/ros2_ws/install/custom_interfaces/include/custom_interfaces/custom_interfaces/srv/detail
[6.729s] -- Installing: /home/iftekharulalam/ros2_ws/install/custom_interfaces/include/custom_interfaces/custom_interfaces/srv/detail/component_status__type_support.c
[6.729s] -- Installing: /home/iftekharulalam/ros2_ws/install/custom_interfaces/include/custom_interfaces/custom_interfaces/srv/detail/component_status__rosidl_typesupport_introspection_c.h
[6.729s] -- Installing: /home/iftekharulalam/ros2_ws/install/custom_interfaces/lib/libcustom_interfaces__rosidl_typesupport_introspection_c.so
[6.729s] -- Set runtime path of "/home/iftekharulalam/ros2_ws/install/custom_interfaces/lib/libcustom_interfaces__rosidl_typesupport_introspection_c.so" to ""
[6.729s] -- Installing: /home/iftekharulalam/ros2_ws/install/custom_interfaces/lib/libcustom_interfaces__rosidl_typesupport_c.so
[6.730s] -- Set runtime path of "/home/iftekharulalam/ros2_ws/install/custom_interfaces/lib/libcustom_interfaces__rosidl_typesupport_c.so" to ""
[6.730s] -- Up-to-date: /home/iftekharulalam/ros2_ws/install/custom_interfaces/include/custom_interfaces/custom_interfaces
[6.731s] -- Up-to-date: /home/iftekharulalam/ros2_ws/install/custom_interfaces/include/custom_interfaces/custom_interfaces/srv
[6.731s] -- Installing: /home/iftekharulalam/ros2_ws/install/custom_interfaces/include/custom_interfaces/custom_interfaces/srv/component_status.hpp
[6.731s] -- Up-to-date: /home/iftekharulalam/ros2_ws/install/custom_interfaces/include/custom_interfaces/custom_interfaces/srv/detail
[6.731s] -- Installing: /home/iftekharulalam/ros2_ws/install/custom_interfaces/include/custom_interfaces/custom_interfaces/srv/detail/component_status__traits.hpp
[6.731s] -- Installing: /home/iftekharulalam/ros2_ws/install/custom_interfaces/include/custom_interfaces/custom_interfaces/srv/detail/component_status__struct.hpp
[6.731s] -- Installing: /home/iftekharulalam/ros2_ws/install/custom_interfaces/include/custom_interfaces/custom_interfaces/srv/detail/component_status__builder.hpp
[6.731s] -- Up-to-date: /home/iftekharulalam/ros2_ws/install/custom_interfaces/include/custom_interfaces/custom_interfaces
[6.732s] -- Up-to-date: /home/iftekharulalam/ros2_ws/install/custom_interfaces/include/custom_interfaces/custom_interfaces/msg
[6.732s] -- Installing: /home/iftekharulalam/ros2_ws/install/custom_interfaces/include/custom_interfaces/custom_interfaces/msg/rosidl_typesupport_fastrtps_cpp__visibility_control.h
[6.732s] -- Up-to-date: /home/iftekharulalam/ros2_ws/install/custom_interfaces/include/custom_interfaces/custom_interfaces/srv
[6.732s] -- Up-to-date: /home/iftekharulalam/ros2_ws/install/custom_interfaces/include/custom_interfaces/custom_interfaces/srv/detail
[6.732s] -- Installing: /home/iftekharulalam/ros2_ws/install/custom_interfaces/include/custom_interfaces/custom_interfaces/srv/detail/dds_fastrtps
[6.732s] -- Installing: /home/iftekharulalam/ros2_ws/install/custom_interfaces/include/custom_interfaces/custom_interfaces/srv/detail/component_status__rosidl_typesupport_fastrtps_cpp.hpp
[6.732s] -- Installing: /home/iftekharulalam/ros2_ws/install/custom_interfaces/lib/libcustom_interfaces__rosidl_typesupport_fastrtps_cpp.so
[6.733s] -- Set runtime path of "/home/iftekharulalam/ros2_ws/install/custom_interfaces/lib/libcustom_interfaces__rosidl_typesupport_fastrtps_cpp.so" to ""
[6.733s] -- Up-to-date: /home/iftekharulalam/ros2_ws/install/custom_interfaces/include/custom_interfaces/custom_interfaces
[6.733s] -- Up-to-date: /home/iftekharulalam/ros2_ws/install/custom_interfaces/include/custom_interfaces/custom_interfaces/srv
[6.733s] -- Up-to-date: /home/iftekharulalam/ros2_ws/install/custom_interfaces/include/custom_interfaces/custom_interfaces/srv/detail
[6.733s] -- Installing: /home/iftekharulalam/ros2_ws/install/custom_interfaces/include/custom_interfaces/custom_interfaces/srv/detail/component_status__rosidl_typesupport_introspection_cpp.hpp
[6.733s] -- Installing: /home/iftekharulalam/ros2_ws/install/custom_interfaces/include/custom_interfaces/custom_interfaces/srv/detail/component_status__type_support.cpp
[6.733s] -- Installing: /home/iftekharulalam/ros2_ws/install/custom_interfaces/lib/libcustom_interfaces__rosidl_typesupport_introspection_cpp.so
[6.734s] -- Set runtime path of "/home/iftekharulalam/ros2_ws/install/custom_interfaces/lib/libcustom_interfaces__rosidl_typesupport_introspection_cpp.so" to ""
[6.734s] -- Installing: /home/iftekharulalam/ros2_ws/install/custom_interfaces/lib/libcustom_interfaces__rosidl_typesupport_cpp.so
[6.734s] -- Set runtime path of "/home/iftekharulalam/ros2_ws/install/custom_interfaces/lib/libcustom_interfaces__rosidl_typesupport_cpp.so" to ""
[6.734s] -- Installing: /home/iftekharulalam/ros2_ws/install/custom_interfaces/share/custom_interfaces/environment/pythonpath.sh
[6.735s] -- Installing: /home/iftekharulalam/ros2_ws/install/custom_interfaces/share/custom_interfaces/environment/pythonpath.dsv
[6.735s] -- Installing: /home/iftekharulalam/ros2_ws/install/custom_interfaces/local/lib/python3.10/dist-packages/custom_interfaces-0.0.0-py3.10.egg-info
[6.736s] -- Installing: /home/iftekharulalam/ros2_ws/install/custom_interfaces/local/lib/python3.10/dist-packages/custom_interfaces-0.0.0-py3.10.egg-info/top_level.txt
[6.736s] -- Installing: /home/iftekharulalam/ros2_ws/install/custom_interfaces/local/lib/python3.10/dist-packages/custom_interfaces-0.0.0-py3.10.egg-info/PKG-INFO
[6.736s] -- Installing: /home/iftekharulalam/ros2_ws/install/custom_interfaces/local/lib/python3.10/dist-packages/custom_interfaces-0.0.0-py3.10.egg-info/SOURCES.txt
[6.736s] -- Installing: /home/iftekharulalam/ros2_ws/install/custom_interfaces/local/lib/python3.10/dist-packages/custom_interfaces-0.0.0-py3.10.egg-info/dependency_links.txt
[6.736s] -- Installing: /home/iftekharulalam/ros2_ws/install/custom_interfaces/local/lib/python3.10/dist-packages/custom_interfaces
[6.736s] -- Installing: /home/iftekharulalam/ros2_ws/install/custom_interfaces/local/lib/python3.10/dist-packages/custom_interfaces/_custom_interfaces_s.ep.rosidl_typesupport_introspection_c.c
[6.737s] -- Installing: /home/iftekharulalam/ros2_ws/install/custom_interfaces/local/lib/python3.10/dist-packages/custom_interfaces/_custom_interfaces_s.ep.rosidl_typesupport_c.c
[6.737s] -- Installing: /home/iftekharulalam/ros2_ws/install/custom_interfaces/local/lib/python3.10/dist-packages/custom_interfaces/custom_interfaces_s__rosidl_typesupport_fastrtps_c.cpython-310-x86_64-linux-gnu.so
[6.737s] -- Installing: /home/iftekharulalam/ros2_ws/install/custom_interfaces/local/lib/python3.10/dist-packages/custom_interfaces/srv
[6.737s] -- Installing: /home/iftekharulalam/ros2_ws/install/custom_interfaces/local/lib/python3.10/dist-packages/custom_interfaces/srv/_component_status_s.c
[6.738s] -- Installing: /home/iftekharulalam/ros2_ws/install/custom_interfaces/local/lib/python3.10/dist-packages/custom_interfaces/srv/__init__.py
[6.738s] -- Installing: /home/iftekharulalam/ros2_ws/install/custom_interfaces/local/lib/python3.10/dist-packages/custom_interfaces/srv/_component_status.py
[6.738s] -- Installing: /home/iftekharulalam/ros2_ws/install/custom_interfaces/local/lib/python3.10/dist-packages/custom_interfaces/_custom_interfaces_s.ep.rosidl_typesupport_fastrtps_c.c
[6.738s] -- Installing: /home/iftekharulalam/ros2_ws/install/custom_interfaces/local/lib/python3.10/dist-packages/custom_interfaces/__init__.py
[6.738s] -- Installing: /home/iftekharulalam/ros2_ws/install/custom_interfaces/local/lib/python3.10/dist-packages/custom_interfaces/custom_interfaces_s__rosidl_typesupport_introspection_c.cpython-310-x86_64-linux-gnu.so
[6.738s] -- Installing: /home/iftekharulalam/ros2_ws/install/custom_interfaces/local/lib/python3.10/dist-packages/custom_interfaces/libcustom_interfaces__rosidl_generator_py.so
[6.739s] -- Installing: /home/iftekharulalam/ros2_ws/install/custom_interfaces/local/lib/python3.10/dist-packages/custom_interfaces/custom_interfaces_s__rosidl_typesupport_c.cpython-310-x86_64-linux-gnu.so
[6.780s] Listing '/home/iftekharulalam/ros2_ws/install/custom_interfaces/local/lib/python3.10/dist-packages/custom_interfaces'...
[6.780s] Compiling '/home/iftekharulalam/ros2_ws/install/custom_interfaces/local/lib/python3.10/dist-packages/custom_interfaces/__init__.py'...
[6.780s] Listing '/home/iftekharulalam/ros2_ws/install/custom_interfaces/local/lib/python3.10/dist-packages/custom_interfaces/srv'...
[6.780s] Compiling '/home/iftekharulalam/ros2_ws/install/custom_interfaces/local/lib/python3.10/dist-packages/custom_interfaces/srv/__init__.py'...
[6.781s] Compiling '/home/iftekharulalam/ros2_ws/install/custom_interfaces/local/lib/python3.10/dist-packages/custom_interfaces/srv/_component_status.py'...
[6.785s] -- Installing: /home/iftekharulalam/ros2_ws/install/custom_interfaces/local/lib/python3.10/dist-packages/custom_interfaces/custom_interfaces_s__rosidl_typesupport_fastrtps_c.cpython-310-x86_64-linux-gnu.so
[6.786s] -- Set runtime path of "/home/iftekharulalam/ros2_ws/install/custom_interfaces/local/lib/python3.10/dist-packages/custom_interfaces/custom_interfaces_s__rosidl_typesupport_fastrtps_c.cpython-310-x86_64-linux-gnu.so" to ""
[6.786s] -- Installing: /home/iftekharulalam/ros2_ws/install/custom_interfaces/local/lib/python3.10/dist-packages/custom_interfaces/custom_interfaces_s__rosidl_typesupport_introspection_c.cpython-310-x86_64-linux-gnu.so
[6.787s] -- Set runtime path of "/home/iftekharulalam/ros2_ws/install/custom_interfaces/local/lib/python3.10/dist-packages/custom_interfaces/custom_interfaces_s__rosidl_typesupport_introspection_c.cpython-310-x86_64-linux-gnu.so" to ""
[6.787s] -- Installing: /home/iftekharulalam/ros2_ws/install/custom_interfaces/local/lib/python3.10/dist-packages/custom_interfaces/custom_interfaces_s__rosidl_typesupport_c.cpython-310-x86_64-linux-gnu.so
[6.788s] -- Set runtime path of "/home/iftekharulalam/ros2_ws/install/custom_interfaces/local/lib/python3.10/dist-packages/custom_interfaces/custom_interfaces_s__rosidl_typesupport_c.cpython-310-x86_64-linux-gnu.so" to ""
[6.788s] -- Installing: /home/iftekharulalam/ros2_ws/install/custom_interfaces/lib/libcustom_interfaces__rosidl_generator_py.so
[6.788s] -- Set runtime path of "/home/iftekharulalam/ros2_ws/install/custom_interfaces/lib/libcustom_interfaces__rosidl_generator_py.so" to ""
[6.789s] -- Installing: /home/iftekharulalam/ros2_ws/install/custom_interfaces/share/custom_interfaces/srv/ComponentStatus.idl
[6.789s] -- Installing: /home/iftekharulalam/ros2_ws/install/custom_interfaces/share/custom_interfaces/srv/ComponentStatus.srv
[6.790s] -- Installing: /home/iftekharulalam/ros2_ws/install/custom_interfaces/share/custom_interfaces/srv/ComponentStatus_Request.msg
[6.790s] -- Installing: /home/iftekharulalam/ros2_ws/install/custom_interfaces/share/custom_interfaces/srv/ComponentStatus_Response.msg
[6.790s] -- Installing: /home/iftekharulalam/ros2_ws/install/custom_interfaces/share/ament_index/resource_index/package_run_dependencies/custom_interfaces
[6.791s] -- Installing: /home/iftekharulalam/ros2_ws/install/custom_interfaces/share/ament_index/resource_index/parent_prefix_path/custom_interfaces
[6.791s] -- Installing: /home/iftekharulalam/ros2_ws/install/custom_interfaces/share/custom_interfaces/environment/ament_prefix_path.sh
[6.791s] -- Installing: /home/iftekharulalam/ros2_ws/install/custom_interfaces/share/custom_interfaces/environment/ament_prefix_path.dsv
[6.792s] -- Installing: /home/iftekharulalam/ros2_ws/install/custom_interfaces/share/custom_interfaces/environment/path.sh
[6.792s] -- Installing: /home/iftekharulalam/ros2_ws/install/custom_interfaces/share/custom_interfaces/environment/path.dsv
[6.793s] -- Installing: /home/iftekharulalam/ros2_ws/install/custom_interfaces/share/custom_interfaces/local_setup.bash
[6.793s] -- Installing: /home/iftekharulalam/ros2_ws/install/custom_interfaces/share/custom_interfaces/local_setup.sh
[6.793s] -- Installing: /home/iftekharulalam/ros2_ws/install/custom_interfaces/share/custom_interfaces/local_setup.zsh
[6.793s] -- Installing: /home/iftekharulalam/ros2_ws/install/custom_interfaces/share/custom_interfaces/local_setup.dsv
[6.794s] -- Installing: /home/iftekharulalam/ros2_ws/install/custom_interfaces/share/custom_interfaces/package.dsv
[6.794s] -- Installing: /home/iftekharulalam/ros2_ws/install/custom_interfaces/share/ament_index/resource_index/packages/custom_interfaces
[6.794s] -- Installing: /home/iftekharulalam/ros2_ws/install/custom_interfaces/share/custom_interfaces/cmake/export_custom_interfaces__rosidl_generator_cExport.cmake
[6.794s] -- Installing: /home/iftekharulalam/ros2_ws/install/custom_interfaces/share/custom_interfaces/cmake/export_custom_interfaces__rosidl_generator_cExport-noconfig.cmake
[6.795s] -- Installing: /home/iftekharulalam/ros2_ws/install/custom_interfaces/share/custom_interfaces/cmake/export_custom_interfaces__rosidl_typesupport_fastrtps_cExport.cmake
[6.795s] -- Installing: /home/iftekharulalam/ros2_ws/install/custom_interfaces/share/custom_interfaces/cmake/export_custom_interfaces__rosidl_typesupport_fastrtps_cExport-noconfig.cmake
[6.795s] -- Installing: /home/iftekharulalam/ros2_ws/install/custom_interfaces/share/custom_interfaces/cmake/custom_interfaces__rosidl_typesupport_introspection_cExport.cmake
[6.795s] -- Installing: /home/iftekharulalam/ros2_ws/install/custom_interfaces/share/custom_interfaces/cmake/custom_interfaces__rosidl_typesupport_introspection_cExport-noconfig.cmake
[6.796s] -- Installing: /home/iftekharulalam/ros2_ws/install/custom_interfaces/share/custom_interfaces/cmake/custom_interfaces__rosidl_typesupport_cExport.cmake
[6.796s] -- Installing: /home/iftekharulalam/ros2_ws/install/custom_interfaces/share/custom_interfaces/cmake/custom_interfaces__rosidl_typesupport_cExport-noconfig.cmake
[6.796s] -- Installing: /home/iftekharulalam/ros2_ws/install/custom_interfaces/share/custom_interfaces/cmake/export_custom_interfaces__rosidl_generator_cppExport.cmake
[6.796s] -- Installing: /home/iftekharulalam/ros2_ws/install/custom_interfaces/share/custom_interfaces/cmake/export_custom_interfaces__rosidl_typesupport_fastrtps_cppExport.cmake
[6.797s] -- Installing: /home/iftekharulalam/ros2_ws/install/custom_interfaces/share/custom_interfaces/cmake/export_custom_interfaces__rosidl_typesupport_fastrtps_cppExport-noconfig.cmake
[6.797s] -- Installing: /home/iftekharulalam/ros2_ws/install/custom_interfaces/share/custom_interfaces/cmake/custom_interfaces__rosidl_typesupport_introspection_cppExport.cmake
[6.797s] -- Installing: /home/iftekharulalam/ros2_ws/install/custom_interfaces/share/custom_interfaces/cmake/custom_interfaces__rosidl_typesupport_introspection_cppExport-noconfig.cmake
[6.797s] -- Installing: /home/iftekharulalam/ros2_ws/install/custom_interfaces/share/custom_interfaces/cmake/custom_interfaces__rosidl_typesupport_cppExport.cmake
[6.798s] -- Installing: /home/iftekharulalam/ros2_ws/install/custom_interfaces/share/custom_interfaces/cmake/custom_interfaces__rosidl_typesupport_cppExport-noconfig.cmake
[6.798s] -- Installing: /home/iftekharulalam/ros2_ws/install/custom_interfaces/share/custom_interfaces/cmake/export_custom_interfaces__rosidl_generator_pyExport.cmake
[6.798s] -- Installing: /home/iftekharulalam/ros2_ws/install/custom_interfaces/share/custom_interfaces/cmake/export_custom_interfaces__rosidl_generator_pyExport-noconfig.cmake
[6.799s] -- Installing: /home/iftekharulalam/ros2_ws/install/custom_interfaces/share/custom_interfaces/cmake/rosidl_cmake-extras.cmake
[6.799s] -- Installing: /home/iftekharulalam/ros2_ws/install/custom_interfaces/share/custom_interfaces/cmake/ament_cmake_export_include_directories-extras.cmake
[6.799s] -- Installing: /home/iftekharulalam/ros2_ws/install/custom_interfaces/share/custom_interfaces/cmake/ament_cmake_export_libraries-extras.cmake
[6.799s] -- Installing: /home/iftekharulalam/ros2_ws/install/custom_interfaces/share/custom_interfaces/cmake/ament_cmake_export_targets-extras.cmake
[6.800s] -- Installing: /home/iftekharulalam/ros2_ws/install/custom_interfaces/share/custom_interfaces/cmake/rosidl_cmake_export_typesupport_targets-extras.cmake
[6.800s] -- Installing: /home/iftekharulalam/ros2_ws/install/custom_interfaces/share/custom_interfaces/cmake/ament_cmake_export_dependencies-extras.cmake
[6.800s] -- Installing: /home/iftekharulalam/ros2_ws/install/custom_interfaces/share/custom_interfaces/cmake/rosidl_cmake_export_typesupport_libraries-extras.cmake
[6.800s] -- Installing: /home/iftekharulalam/ros2_ws/install/custom_interfaces/share/custom_interfaces/cmake/custom_interfacesConfig.cmake
[6.800s] -- Installing: /home/iftekharulalam/ros2_ws/install/custom_interfaces/share/custom_interfaces/cmake/custom_interfacesConfig-version.cmake
[6.801s] -- Installing: /home/iftekharulalam/ros2_ws/install/custom_interfaces/share/custom_interfaces/package.xml
[6.804s] Invoked command in '/home/iftekharulalam/ros2_ws/build/custom_interfaces' returned '0': CMAKE_PREFIX_PATH=/home/iftekharulalam/ros2_ws/install/perception:/opt/ros/humble /usr/bin/cmake --install /home/iftekharulalam/ros2_ws/build/custom_interfaces
