[0.569s] DEBUG:colcon:Command line arguments: ['/usr/bin/colcon', 'build']
[0.569s] DEBUG:colcon:Parsed command line arguments: Namespace(log_base=None, log_level=None, verb_name='build', build_base='build', install_base='install', merge_install=False, symlink_install=False, test_result_base=None, continue_on_error=False, executor='parallel', parallel_workers=4, event_handlers=None, ignore_user_meta=False, metas=['./colcon.meta'], base_paths=['.'], packages_ignore=None, packages_ignore_regex=None, paths=None, packages_up_to=None, packages_up_to_regex=None, packages_above=None, packages_above_and_dependencies=None, packages_above_depth=None, packages_select_by_dep=None, packages_skip_by_dep=None, packages_skip_up_to=None, packages_select_build_failed=False, packages_skip_build_finished=False, packages_select_test_failures=False, packages_skip_test_passed=False, packages_select=None, packages_skip=None, packages_select_regex=None, packages_skip_regex=None, packages_start=None, packages_end=None, allow_overriding=[], cmake_args=None, cmake_target=None, cmake_target_skip_unavailable=False, cmake_clean_cache=False, cmake_clean_first=False, cmake_force_configure=False, ament_cmake_args=None, catkin_cmake_args=None, catkin_skip_building_tests=False, verb_parser=<colcon_defaults.argument_parser.defaults.DefaultArgumentsDecorator object at 0x7f1255af9300>, verb_extension=<colcon_core.verb.build.BuildVerb object at 0x7f12562da020>, main=<bound method BuildVerb.main of <colcon_core.verb.build.BuildVerb object at 0x7f12562da020>>)
[0.636s] Level 1:colcon.colcon_core.package_discovery:discover_packages(colcon_meta) check parameters
[0.636s] Level 1:colcon.colcon_core.package_discovery:discover_packages(recursive) check parameters
[0.636s] Level 1:colcon.colcon_core.package_discovery:discover_packages(ignore) check parameters
[0.636s] Level 1:colcon.colcon_core.package_discovery:discover_packages(path) check parameters
[0.636s] Level 1:colcon.colcon_core.package_discovery:discover_packages(colcon_meta) discover
[0.636s] Level 1:colcon.colcon_core.package_discovery:discover_packages(recursive) discover
[0.636s] INFO:colcon.colcon_core.package_discovery:Crawling recursively for packages in '/home/iftekharulalam/ros2_ws'
[0.636s] Level 1:colcon.colcon_core.package_identification:_identify(.) by extensions ['ignore', 'ignore_ament_install']
[0.636s] Level 1:colcon.colcon_core.package_identification:_identify(.) by extension 'ignore'
[0.637s] Level 1:colcon.colcon_core.package_identification:_identify(.) by extension 'ignore_ament_install'
[0.637s] Level 1:colcon.colcon_core.package_identification:_identify(.) by extensions ['colcon_pkg']
[0.637s] Level 1:colcon.colcon_core.package_identification:_identify(.) by extension 'colcon_pkg'
[0.637s] Level 1:colcon.colcon_core.package_identification:_identify(.) by extensions ['colcon_meta']
[0.637s] Level 1:colcon.colcon_core.package_identification:_identify(.) by extension 'colcon_meta'
[0.637s] Level 1:colcon.colcon_core.package_identification:_identify(.) by extensions ['ros']
[0.637s] Level 1:colcon.colcon_core.package_identification:_identify(.) by extension 'ros'
[0.650s] Level 1:colcon.colcon_core.package_identification:_identify(.) by extensions ['cmake', 'python']
[0.650s] Level 1:colcon.colcon_core.package_identification:_identify(.) by extension 'cmake'
[0.650s] Level 1:colcon.colcon_core.package_identification:_identify(.) by extension 'python'
[0.650s] Level 1:colcon.colcon_core.package_identification:_identify(.) by extensions ['python_setup_py']
[0.650s] Level 1:colcon.colcon_core.package_identification:_identify(.) by extension 'python_setup_py'
[0.651s] Level 1:colcon.colcon_core.package_identification:_identify(build) by extensions ['ignore', 'ignore_ament_install']
[0.651s] Level 1:colcon.colcon_core.package_identification:_identify(build) by extension 'ignore'
[0.651s] Level 1:colcon.colcon_core.package_identification:_identify(build) ignored
[0.652s] Level 1:colcon.colcon_core.package_identification:_identify(install) by extensions ['ignore', 'ignore_ament_install']
[0.652s] Level 1:colcon.colcon_core.package_identification:_identify(install) by extension 'ignore'
[0.652s] Level 1:colcon.colcon_core.package_identification:_identify(install) ignored
[0.652s] Level 1:colcon.colcon_core.package_identification:_identify(log) by extensions ['ignore', 'ignore_ament_install']
[0.652s] Level 1:colcon.colcon_core.package_identification:_identify(log) by extension 'ignore'
[0.653s] Level 1:colcon.colcon_core.package_identification:_identify(log) ignored
[0.653s] Level 1:colcon.colcon_core.package_identification:_identify(src) by extensions ['ignore', 'ignore_ament_install']
[0.653s] Level 1:colcon.colcon_core.package_identification:_identify(src) by extension 'ignore'
[0.653s] Level 1:colcon.colcon_core.package_identification:_identify(src) by extension 'ignore_ament_install'
[0.653s] Level 1:colcon.colcon_core.package_identification:_identify(src) by extensions ['colcon_pkg']
[0.653s] Level 1:colcon.colcon_core.package_identification:_identify(src) by extension 'colcon_pkg'
[0.653s] Level 1:colcon.colcon_core.package_identification:_identify(src) by extensions ['colcon_meta']
[0.653s] Level 1:colcon.colcon_core.package_identification:_identify(src) by extension 'colcon_meta'
[0.653s] Level 1:colcon.colcon_core.package_identification:_identify(src) by extensions ['ros']
[0.653s] Level 1:colcon.colcon_core.package_identification:_identify(src) by extension 'ros'
[0.653s] Level 1:colcon.colcon_core.package_identification:_identify(src) by extensions ['cmake', 'python']
[0.653s] Level 1:colcon.colcon_core.package_identification:_identify(src) by extension 'cmake'
[0.653s] Level 1:colcon.colcon_core.package_identification:_identify(src) by extension 'python'
[0.654s] Level 1:colcon.colcon_core.package_identification:_identify(src) by extensions ['python_setup_py']
[0.654s] Level 1:colcon.colcon_core.package_identification:_identify(src) by extension 'python_setup_py'
[0.654s] Level 1:colcon.colcon_core.package_identification:_identify(src/perception) by extensions ['ignore', 'ignore_ament_install']
[0.654s] Level 1:colcon.colcon_core.package_identification:_identify(src/perception) by extension 'ignore'
[0.654s] Level 1:colcon.colcon_core.package_identification:_identify(src/perception) by extension 'ignore_ament_install'
[0.654s] Level 1:colcon.colcon_core.package_identification:_identify(src/perception) by extensions ['colcon_pkg']
[0.654s] Level 1:colcon.colcon_core.package_identification:_identify(src/perception) by extension 'colcon_pkg'
[0.654s] Level 1:colcon.colcon_core.package_identification:_identify(src/perception) by extensions ['colcon_meta']
[0.654s] Level 1:colcon.colcon_core.package_identification:_identify(src/perception) by extension 'colcon_meta'
[0.654s] Level 1:colcon.colcon_core.package_identification:_identify(src/perception) by extensions ['ros']
[0.654s] Level 1:colcon.colcon_core.package_identification:_identify(src/perception) by extension 'ros'
[0.657s] DEBUG:colcon.colcon_core.package_identification:Package 'src/perception' with type 'ros.ament_python' and name 'perception'
[0.657s] Level 1:colcon.colcon_core.package_discovery:discover_packages(recursive) using defaults
[0.657s] Level 1:colcon.colcon_core.package_discovery:discover_packages(ignore) discover
[0.657s] Level 1:colcon.colcon_core.package_discovery:discover_packages(ignore) using defaults
[0.657s] Level 1:colcon.colcon_core.package_discovery:discover_packages(path) discover
[0.657s] Level 1:colcon.colcon_core.package_discovery:discover_packages(path) using defaults
[0.696s] Level 1:colcon.colcon_core.package_discovery:discover_packages(prefix_path) check parameters
[0.696s] Level 1:colcon.colcon_core.package_discovery:discover_packages(prefix_path) discover
[0.702s] DEBUG:colcon.colcon_installed_package_information.package_discovery:Found 270 installed packages in /opt/ros/humble
[0.704s] Level 1:colcon.colcon_core.package_discovery:discover_packages(prefix_path) using defaults
[0.769s] Level 5:colcon.colcon_core.verb:set package 'perception' build argument 'cmake_args' from command line to 'None'
[0.769s] Level 5:colcon.colcon_core.verb:set package 'perception' build argument 'cmake_target' from command line to 'None'
[0.769s] Level 5:colcon.colcon_core.verb:set package 'perception' build argument 'cmake_target_skip_unavailable' from command line to 'False'
[0.769s] Level 5:colcon.colcon_core.verb:set package 'perception' build argument 'cmake_clean_cache' from command line to 'False'
[0.769s] Level 5:colcon.colcon_core.verb:set package 'perception' build argument 'cmake_clean_first' from command line to 'False'
[0.769s] Level 5:colcon.colcon_core.verb:set package 'perception' build argument 'cmake_force_configure' from command line to 'False'
[0.769s] Level 5:colcon.colcon_core.verb:set package 'perception' build argument 'ament_cmake_args' from command line to 'None'
[0.769s] Level 5:colcon.colcon_core.verb:set package 'perception' build argument 'catkin_cmake_args' from command line to 'None'
[0.769s] Level 5:colcon.colcon_core.verb:set package 'perception' build argument 'catkin_skip_building_tests' from command line to 'False'
[0.769s] DEBUG:colcon.colcon_core.verb:Building package 'perception' with the following arguments: {'ament_cmake_args': None, 'build_base': '/home/iftekharulalam/ros2_ws/build/perception', 'catkin_cmake_args': None, 'catkin_skip_building_tests': False, 'cmake_args': None, 'cmake_clean_cache': False, 'cmake_clean_first': False, 'cmake_force_configure': False, 'cmake_target': None, 'cmake_target_skip_unavailable': False, 'install_base': '/home/iftekharulalam/ros2_ws/install/perception', 'merge_install': False, 'path': '/home/iftekharulalam/ros2_ws/src/perception', 'symlink_install': False, 'test_result_base': None}
[0.770s] INFO:colcon.colcon_core.executor:Executing jobs using 'parallel' executor
[0.774s] DEBUG:colcon.colcon_parallel_executor.executor.parallel:run_until_complete
[0.774s] INFO:colcon.colcon_ros.task.ament_python.build:Building ROS package in '/home/iftekharulalam/ros2_ws/src/perception' with build type 'ament_python'
[0.774s] Level 1:colcon.colcon_core.shell:create_environment_hook('perception', 'ament_prefix_path')
[0.792s] INFO:colcon.colcon_core.plugin_system:Skipping extension 'colcon_core.shell.bat': Not used on non-Windows systems
[0.793s] INFO:colcon.colcon_core.shell:Creating environment hook '/home/iftekharulalam/ros2_ws/install/perception/share/perception/hook/ament_prefix_path.ps1'
[0.797s] INFO:colcon.colcon_core.shell:Creating environment descriptor '/home/iftekharulalam/ros2_ws/install/perception/share/perception/hook/ament_prefix_path.dsv'
[0.798s] INFO:colcon.colcon_core.shell:Creating environment hook '/home/iftekharulalam/ros2_ws/install/perception/share/perception/hook/ament_prefix_path.sh'
[0.800s] INFO:colcon.colcon_core.shell:Skip shell extension 'powershell' for command environment: Not usable outside of PowerShell
[0.800s] DEBUG:colcon.colcon_core.shell:Skip shell extension 'dsv' for command environment
[1.072s] INFO:colcon.colcon_core.task.python.build:Building Python package in '/home/iftekharulalam/ros2_ws/src/perception'
[1.073s] INFO:colcon.colcon_core.shell:Skip shell extension 'powershell' for command environment: Not usable outside of PowerShell
[1.073s] DEBUG:colcon.colcon_core.shell:Skip shell extension 'dsv' for command environment
[1.542s] DEBUG:colcon.colcon_core.event_handler.log_command:Invoking command in '/home/iftekharulalam/ros2_ws/src/perception': PYTHONPATH=/home/iftekharulalam/ros2_ws/build/perception/prefix_override:/home/iftekharulalam/ros2_ws/install/perception/lib/python3.10/site-packages:${PYTHONPATH} /usr/bin/python3 setup.py egg_info --egg-base ../../build/perception build --build-base /home/iftekharulalam/ros2_ws/build/perception/build install --record /home/iftekharulalam/ros2_ws/build/perception/install.log --single-version-externally-managed
[1.844s] DEBUG:colcon.colcon_core.event_handler.log_command:Invoked command in '/home/iftekharulalam/ros2_ws/src/perception' returned '0': PYTHONPATH=/home/iftekharulalam/ros2_ws/build/perception/prefix_override:/home/iftekharulalam/ros2_ws/install/perception/lib/python3.10/site-packages:${PYTHONPATH} /usr/bin/python3 setup.py egg_info --egg-base ../../build/perception build --build-base /home/iftekharulalam/ros2_ws/build/perception/build install --record /home/iftekharulalam/ros2_ws/build/perception/install.log --single-version-externally-managed
[1.862s] Level 1:colcon.colcon_core.environment:checking '/home/iftekharulalam/ros2_ws/install/perception' for CMake module files
[1.863s] Level 1:colcon.colcon_core.environment:checking '/home/iftekharulalam/ros2_ws/install/perception' for CMake config files
[1.863s] Level 1:colcon.colcon_core.environment:checking '/home/iftekharulalam/ros2_ws/install/perception/lib'
[1.864s] Level 1:colcon.colcon_core.environment:checking '/home/iftekharulalam/ros2_ws/install/perception/bin'
[1.864s] Level 1:colcon.colcon_core.environment:checking '/home/iftekharulalam/ros2_ws/install/perception/lib/pkgconfig/perception.pc'
[1.864s] Level 1:colcon.colcon_core.environment:checking '/home/iftekharulalam/ros2_ws/install/perception/lib/python3.10/site-packages'
[1.864s] Level 1:colcon.colcon_core.shell:create_environment_hook('perception', 'pythonpath')
[1.866s] INFO:colcon.colcon_core.shell:Creating environment hook '/home/iftekharulalam/ros2_ws/install/perception/share/perception/hook/pythonpath.ps1'
[1.866s] INFO:colcon.colcon_core.shell:Creating environment descriptor '/home/iftekharulalam/ros2_ws/install/perception/share/perception/hook/pythonpath.dsv'
[1.866s] INFO:colcon.colcon_core.shell:Creating environment hook '/home/iftekharulalam/ros2_ws/install/perception/share/perception/hook/pythonpath.sh'
[1.867s] Level 1:colcon.colcon_core.environment:checking '/home/iftekharulalam/ros2_ws/install/perception/bin'
[1.867s] Level 1:colcon.colcon_core.environment:create_environment_scripts_only(perception)
[1.869s] INFO:colcon.colcon_core.shell:Creating package script '/home/iftekharulalam/ros2_ws/install/perception/share/perception/package.ps1'
[1.870s] INFO:colcon.colcon_core.shell:Creating package descriptor '/home/iftekharulalam/ros2_ws/install/perception/share/perception/package.dsv'
[1.873s] INFO:colcon.colcon_core.shell:Creating package script '/home/iftekharulalam/ros2_ws/install/perception/share/perception/package.sh'
[1.874s] INFO:colcon.colcon_core.shell:Creating package script '/home/iftekharulalam/ros2_ws/install/perception/share/perception/package.bash'
[1.876s] INFO:colcon.colcon_core.shell:Creating package script '/home/iftekharulalam/ros2_ws/install/perception/share/perception/package.zsh'
[1.877s] Level 1:colcon.colcon_core.environment:create_file_with_runtime_dependencies(/home/iftekharulalam/ros2_ws/install/perception/share/colcon-core/packages/perception)
[1.879s] DEBUG:colcon.colcon_parallel_executor.executor.parallel:closing loop
[1.879s] DEBUG:colcon.colcon_parallel_executor.executor.parallel:loop closed
[1.879s] DEBUG:colcon.colcon_parallel_executor.executor.parallel:run_until_complete finished with '0'
[1.879s] DEBUG:colcon.colcon_core.event_reactor:joining thread
[1.975s] INFO:colcon.colcon_core.plugin_system:Skipping extension 'colcon_notification.desktop_notification.notify_send': Could not find 'notify-send'
[1.976s] INFO:colcon.colcon_core.plugin_system:Skipping extension 'colcon_notification.desktop_notification.terminal_notifier': Not used on non-Darwin systems
[1.976s] INFO:colcon.colcon_core.plugin_system:Skipping extension 'colcon_notification.desktop_notification.win32': Not used on non-Windows systems
[1.976s] INFO:colcon.colcon_notification.desktop_notification:Sending desktop notification using 'notify2'
[1.976s] DEBUG:colcon.colcon_notification.desktop_notification.notify2:Failed to initialize notify2: org.freedesktop.DBus.Error.FileNotFound: Failed to connect to socket /run/user/1000/bus: No such file or directory
[1.976s] DEBUG:colcon.colcon_core.event_reactor:joined thread
[1.978s] INFO:colcon.colcon_core.shell:Creating prefix script '/home/iftekharulalam/ros2_ws/install/local_setup.ps1'
[1.979s] INFO:colcon.colcon_core.shell:Creating prefix util module '/home/iftekharulalam/ros2_ws/install/_local_setup_util_ps1.py'
[1.982s] INFO:colcon.colcon_core.shell:Creating prefix chain script '/home/iftekharulalam/ros2_ws/install/setup.ps1'
[1.984s] INFO:colcon.colcon_core.shell:Creating prefix script '/home/iftekharulalam/ros2_ws/install/local_setup.sh'
[1.985s] INFO:colcon.colcon_core.shell:Creating prefix util module '/home/iftekharulalam/ros2_ws/install/_local_setup_util_sh.py'
[1.986s] INFO:colcon.colcon_core.shell:Creating prefix chain script '/home/iftekharulalam/ros2_ws/install/setup.sh'
[1.988s] INFO:colcon.colcon_core.shell:Creating prefix script '/home/iftekharulalam/ros2_ws/install/local_setup.bash'
[1.989s] INFO:colcon.colcon_core.shell:Creating prefix chain script '/home/iftekharulalam/ros2_ws/install/setup.bash'
[1.991s] INFO:colcon.colcon_core.shell:Creating prefix script '/home/iftekharulalam/ros2_ws/install/local_setup.zsh'
[1.992s] INFO:colcon.colcon_core.shell:Creating prefix chain script '/home/iftekharulalam/ros2_ws/install/setup.zsh'
