running egg_info
writing ../../build/perception/perception.egg-info/PKG-INFO
writing dependency_links to ../../build/perception/perception.egg-info/dependency_links.txt
writing entry points to ../../build/perception/perception.egg-info/entry_points.txt
writing requirements to ../../build/perception/perception.egg-info/requires.txt
writing top-level names to ../../build/perception/perception.egg-info/top_level.txt
reading manifest file '../../build/perception/perception.egg-info/SOURCES.txt'
writing manifest file '../../build/perception/perception.egg-info/SOURCES.txt'
running build
running build_py
copying perception/perception_node.py -> /home/iftekharulalam/ros2_ws/build/perception/build/lib/perception
running install
/usr/lib/python3/dist-packages/setuptools/command/install.py:34: SetuptoolsDeprecationWarning: setup.py install is deprecated. Use build and pip and other standards-based tools.
  warnings.warn(
running install_lib
copying /home/iftekharulalam/ros2_ws/build/perception/build/lib/perception/perception_node.py -> /home/iftekharulalam/ros2_ws/install/perception/lib/python3.10/site-packages/perception
byte-compiling /home/iftekharulalam/ros2_ws/install/perception/lib/python3.10/site-packages/perception/perception_node.py to perception_node.cpython-310.pyc
running install_data
running install_egg_info
removing '/home/iftekharulalam/ros2_ws/install/perception/lib/python3.10/site-packages/perception-0.0.0-py3.10.egg-info' (and everything under it)
Copying ../../build/perception/perception.egg-info to /home/iftekharulalam/ros2_ws/install/perception/lib/python3.10/site-packages/perception-0.0.0-py3.10.egg-info
running install_scripts
Installing perception script to /home/iftekharulalam/ros2_ws/install/perception/lib/perception
writing list of installed files to '/home/iftekharulalam/ros2_ws/build/perception/install.log'
