[1.013s] Invoking command in '/home/iftekharulalam/ros2_ws/src/perception': PYTHONPATH=/home/iftekharulalam/ros2_ws/build/perception/prefix_override:/home/iftekharulalam/ros2_ws/install/perception/lib/python3.10/site-packages:${PYTHONPATH} /usr/bin/python3 setup.py egg_info --egg-base ../../build/perception build --build-base /home/iftekharulalam/ros2_ws/build/perception/build install --record /home/iftekharulalam/ros2_ws/build/perception/install.log --single-version-externally-managed
[1.267s] running egg_info
[1.268s] writing ../../build/perception/perception.egg-info/PKG-INFO
[1.268s] writing dependency_links to ../../build/perception/perception.egg-info/dependency_links.txt
[1.269s] writing entry points to ../../build/perception/perception.egg-info/entry_points.txt
[1.269s] writing requirements to ../../build/perception/perception.egg-info/requires.txt
[1.269s] writing top-level names to ../../build/perception/perception.egg-info/top_level.txt
[1.274s] reading manifest file '../../build/perception/perception.egg-info/SOURCES.txt'
[1.274s] writing manifest file '../../build/perception/perception.egg-info/SOURCES.txt'
[1.274s] running build
[1.274s] running build_py
[1.274s] copying perception/perception_node.py -> /home/iftekharulalam/ros2_ws/build/perception/build/lib/perception
[1.275s] running install
[1.275s] /usr/lib/python3/dist-packages/setuptools/command/install.py:34: SetuptoolsDeprecationWarning: setup.py install is deprecated. Use build and pip and other standards-based tools.
[1.275s]   warnings.warn(
[1.275s] running install_lib
[1.275s] copying /home/iftekharulalam/ros2_ws/build/perception/build/lib/perception/perception_node.py -> /home/iftekharulalam/ros2_ws/install/perception/lib/python3.10/site-packages/perception
[1.276s] byte-compiling /home/iftekharulalam/ros2_ws/install/perception/lib/python3.10/site-packages/perception/perception_node.py to perception_node.cpython-310.pyc
[1.277s] running install_data
[1.277s] running install_egg_info
[1.280s] removing '/home/iftekharulalam/ros2_ws/install/perception/lib/python3.10/site-packages/perception-0.0.0-py3.10.egg-info' (and everything under it)
[1.280s] Copying ../../build/perception/perception.egg-info to /home/iftekharulalam/ros2_ws/install/perception/lib/python3.10/site-packages/perception-0.0.0-py3.10.egg-info
[1.282s] running install_scripts
[1.306s] Installing perception script to /home/iftekharulalam/ros2_ws/install/perception/lib/perception
[1.306s] writing list of installed files to '/home/iftekharulalam/ros2_ws/build/perception/install.log'
[1.356s] Invoked command in '/home/iftekharulalam/ros2_ws/src/perception' returned '0': PYTHONPATH=/home/iftekharulalam/ros2_ws/build/perception/prefix_override:/home/iftekharulalam/ros2_ws/install/perception/lib/python3.10/site-packages:${PYTHONPATH} /usr/bin/python3 setup.py egg_info --egg-base ../../build/perception build --build-base /home/iftekharulalam/ros2_ws/build/perception/build install --record /home/iftekharulalam/ros2_ws/build/perception/install.log --single-version-externally-managed
