[1.029s] Invoking command in '/home/iftekharulalam/ros2_ws/src/brain': PYTHONPATH=/home/iftekharulalam/ros2_ws/build/brain/prefix_override:/home/iftekharulalam/ros2_ws/install/brain/lib/python3.10/site-packages:${PYTHONPATH} /usr/bin/python3 setup.py egg_info --egg-base ../../build/brain build --build-base /home/iftekharulalam/ros2_ws/build/brain/build install --record /home/iftekharulalam/ros2_ws/build/brain/install.log --single-version-externally-managed
[1.284s] running egg_info
[1.284s] creating ../../build/brain/brain.egg-info
[1.284s] writing ../../build/brain/brain.egg-info/PKG-INFO
[1.285s] writing dependency_links to ../../build/brain/brain.egg-info/dependency_links.txt
[1.285s] writing entry points to ../../build/brain/brain.egg-info/entry_points.txt
[1.285s] writing requirements to ../../build/brain/brain.egg-info/requires.txt
[1.285s] writing top-level names to ../../build/brain/brain.egg-info/top_level.txt
[1.285s] writing manifest file '../../build/brain/brain.egg-info/SOURCES.txt'
[1.288s] reading manifest file '../../build/brain/brain.egg-info/SOURCES.txt'
[1.288s] writing manifest file '../../build/brain/brain.egg-info/SOURCES.txt'
[1.288s] running build
[1.288s] running build_py
[1.288s] creating /home/iftekharulalam/ros2_ws/build/brain/build
[1.289s] creating /home/iftekharulalam/ros2_ws/build/brain/build/lib
[1.289s] creating /home/iftekharulalam/ros2_ws/build/brain/build/lib/brain
[1.290s] copying brain/__init__.py -> /home/iftekharulalam/ros2_ws/build/brain/build/lib/brain
[1.290s] running install
[1.290s] /usr/lib/python3/dist-packages/setuptools/command/install.py:34: SetuptoolsDeprecationWarning: setup.py install is deprecated. Use build and pip and other standards-based tools.
[1.290s]   warnings.warn(
[1.291s] running install_lib
[1.294s] creating /home/iftekharulalam/ros2_ws/install/brain/lib/python3.10/site-packages/brain
[1.295s] copying /home/iftekharulalam/ros2_ws/build/brain/build/lib/brain/__init__.py -> /home/iftekharulalam/ros2_ws/install/brain/lib/python3.10/site-packages/brain
[1.295s] byte-compiling /home/iftekharulalam/ros2_ws/install/brain/lib/python3.10/site-packages/brain/__init__.py to __init__.cpython-310.pyc
[1.295s] running install_data
[1.295s] creating /home/iftekharulalam/ros2_ws/install/brain/share/ament_index
[1.295s] creating /home/iftekharulalam/ros2_ws/install/brain/share/ament_index/resource_index
[1.295s] creating /home/iftekharulalam/ros2_ws/install/brain/share/ament_index/resource_index/packages
[1.295s] copying resource/brain -> /home/iftekharulalam/ros2_ws/install/brain/share/ament_index/resource_index/packages
[1.296s] copying package.xml -> /home/iftekharulalam/ros2_ws/install/brain/share/brain
[1.296s] running install_egg_info
[1.297s] Copying ../../build/brain/brain.egg-info to /home/iftekharulalam/ros2_ws/install/brain/lib/python3.10/site-packages/brain-0.0.0-py3.10.egg-info
[1.298s] running install_scripts
[1.321s] Installing brain script to /home/iftekharulalam/ros2_ws/install/brain/lib/brain
[1.322s] writing list of installed files to '/home/iftekharulalam/ros2_ws/build/brain/install.log'
[1.363s] Invoked command in '/home/iftekharulalam/ros2_ws/src/brain' returned '0': PYTHONPATH=/home/iftekharulalam/ros2_ws/build/brain/prefix_override:/home/iftekharulalam/ros2_ws/install/brain/lib/python3.10/site-packages:${PYTHONPATH} /usr/bin/python3 setup.py egg_info --egg-base ../../build/brain build --build-base /home/iftekharulalam/ros2_ws/build/brain/build install --record /home/iftekharulalam/ros2_ws/build/brain/install.log --single-version-externally-managed
