[0.297s] Invoking command in '/home/iftekharulalam/ros2_ws/build/custom_interfaces': CMAKE_PREFIX_PATH=/opt/ros/humble /usr/bin/cmake --build /home/iftekharulalam/ros2_ws/build/custom_interfaces -- -j4 -l4
[0.340s] [35m[1mConsolidate compiler generated dependencies of target custom_interfaces__rosidl_generator_c[0m
[0.351s] [  3%] Built target custom_interfaces__cpp
[0.352s] [ 12%] Built target custom_interfaces__rosidl_generator_c
[0.364s] [35m[1mConsolidate compiler generated dependencies of target custom_interfaces__rosidl_typesupport_cpp[0m
[0.366s] [35m[1mConsolidate compiler generated dependencies of target custom_interfaces__rosidl_typesupport_introspection_cpp[0m
[0.377s] [35m[1mConsolidate compiler generated dependencies of target custom_interfaces__rosidl_typesupport_fastrtps_cpp[0m
[0.381s] [ 22%] Built target custom_interfaces__rosidl_typesupport_cpp
[0.386s] [ 32%] Built target custom_interfaces__rosidl_typesupport_introspection_cpp
[0.391s] [ 32%] Built target ament_cmake_python_copy_custom_interfaces
[0.397s] [35m[1mConsolidate compiler generated dependencies of target custom_interfaces__rosidl_typesupport_fastrtps_c[0m
[0.400s] [ 41%] Built target custom_interfaces__rosidl_typesupport_fastrtps_cpp
[0.409s] [35m[1mConsolidate compiler generated dependencies of target custom_interfaces__rosidl_typesupport_introspection_c[0m
[0.412s] [35m[1mConsolidate compiler generated dependencies of target custom_interfaces__rosidl_typesupport_c[0m
[0.425s] [ 51%] Built target custom_interfaces__rosidl_typesupport_c
[0.427s] [ 61%] Built target custom_interfaces__rosidl_typesupport_fastrtps_c
[0.431s] [ 70%] Built target custom_interfaces__rosidl_typesupport_introspection_c
[0.464s] [ 70%] Built target custom_interfaces
[0.497s] [ 74%] Built target custom_interfaces__py
[0.508s] [35m[1mConsolidate compiler generated dependencies of target custom_interfaces__rosidl_generator_py[0m
[0.524s] [ 80%] Built target custom_interfaces__rosidl_generator_py
[0.535s] [35m[1mConsolidate compiler generated dependencies of target custom_interfaces__rosidl_typesupport_fastrtps_c__pyext[0m
[0.538s] [35m[1mConsolidate compiler generated dependencies of target custom_interfaces__rosidl_typesupport_c__pyext[0m
[0.550s] [35m[1mConsolidate compiler generated dependencies of target custom_interfaces__rosidl_typesupport_introspection_c__pyext[0m
[0.562s] [ 87%] Built target custom_interfaces__rosidl_typesupport_c__pyext
[0.563s] [ 93%] Built target custom_interfaces__rosidl_typesupport_fastrtps_c__pyext
[0.573s] [100%] Built target custom_interfaces__rosidl_typesupport_introspection_c__pyext
[0.699s] running egg_info
[0.700s] writing custom_interfaces.egg-info/PKG-INFO
[0.700s] writing dependency_links to custom_interfaces.egg-info/dependency_links.txt
[0.701s] writing top-level names to custom_interfaces.egg-info/top_level.txt
[0.703s] reading manifest file 'custom_interfaces.egg-info/SOURCES.txt'
[0.704s] writing manifest file 'custom_interfaces.egg-info/SOURCES.txt'
[0.737s] [100%] Built target ament_cmake_python_build_custom_interfaces_egg
[0.753s] Invoked command in '/home/iftekharulalam/ros2_ws/build/custom_interfaces' returned '0': CMAKE_PREFIX_PATH=/opt/ros/humble /usr/bin/cmake --build /home/iftekharulalam/ros2_ws/build/custom_interfaces -- -j4 -l4
[0.842s] Invoking command in '/home/iftekharulalam/ros2_ws/build/custom_interfaces': CMAKE_PREFIX_PATH=/opt/ros/humble /usr/bin/cmake --install /home/iftekharulalam/ros2_ws/build/custom_interfaces
[0.851s] -- Install configuration: ""
[0.851s] -- Up-to-date: /home/iftekharulalam/ros2_ws/install/custom_interfaces/share/ament_index/resource_index/rosidl_interfaces/custom_interfaces
[0.851s] -- Up-to-date: /home/iftekharulalam/ros2_ws/install/custom_interfaces/include/custom_interfaces/custom_interfaces
[0.852s] -- Up-to-date: /home/iftekharulalam/ros2_ws/install/custom_interfaces/include/custom_interfaces/custom_interfaces/msg
[0.852s] -- Up-to-date: /home/iftekharulalam/ros2_ws/install/custom_interfaces/include/custom_interfaces/custom_interfaces/msg/rosidl_generator_c__visibility_control.h
[0.852s] -- Up-to-date: /home/iftekharulalam/ros2_ws/install/custom_interfaces/include/custom_interfaces/custom_interfaces/srv
[0.852s] -- Up-to-date: /home/iftekharulalam/ros2_ws/install/custom_interfaces/include/custom_interfaces/custom_interfaces/srv/component_status.h
[0.852s] -- Up-to-date: /home/iftekharulalam/ros2_ws/install/custom_interfaces/include/custom_interfaces/custom_interfaces/srv/detail
[0.852s] -- Up-to-date: /home/iftekharulalam/ros2_ws/install/custom_interfaces/include/custom_interfaces/custom_interfaces/srv/detail/component_status__functions.h
[0.852s] -- Up-to-date: /home/iftekharulalam/ros2_ws/install/custom_interfaces/include/custom_interfaces/custom_interfaces/srv/detail/component_status__type_support.h
[0.852s] -- Up-to-date: /home/iftekharulalam/ros2_ws/install/custom_interfaces/include/custom_interfaces/custom_interfaces/srv/detail/component_status__functions.c
[0.852s] -- Up-to-date: /home/iftekharulalam/ros2_ws/install/custom_interfaces/include/custom_interfaces/custom_interfaces/srv/detail/component_status__struct.h
[0.852s] -- Up-to-date: /home/iftekharulalam/ros2_ws/install/custom_interfaces/share/custom_interfaces/environment/library_path.sh
[0.852s] -- Up-to-date: /home/iftekharulalam/ros2_ws/install/custom_interfaces/share/custom_interfaces/environment/library_path.dsv
[0.856s] -- Up-to-date: /home/iftekharulalam/ros2_ws/install/custom_interfaces/lib/libcustom_interfaces__rosidl_generator_c.so
[0.856s] -- Up-to-date: /home/iftekharulalam/ros2_ws/install/custom_interfaces/include/custom_interfaces/custom_interfaces
[0.856s] -- Up-to-date: /home/iftekharulalam/ros2_ws/install/custom_interfaces/include/custom_interfaces/custom_interfaces/msg
[0.858s] -- Up-to-date: /home/iftekharulalam/ros2_ws/install/custom_interfaces/include/custom_interfaces/custom_interfaces/msg/rosidl_typesupport_fastrtps_c__visibility_control.h
[0.858s] -- Up-to-date: /home/iftekharulalam/ros2_ws/install/custom_interfaces/include/custom_interfaces/custom_interfaces/srv
[0.858s] -- Up-to-date: /home/iftekharulalam/ros2_ws/install/custom_interfaces/include/custom_interfaces/custom_interfaces/srv/detail
[0.858s] -- Up-to-date: /home/iftekharulalam/ros2_ws/install/custom_interfaces/include/custom_interfaces/custom_interfaces/srv/detail/component_status__rosidl_typesupport_fastrtps_c.h
[0.859s] -- Up-to-date: /home/iftekharulalam/ros2_ws/install/custom_interfaces/lib/libcustom_interfaces__rosidl_typesupport_fastrtps_c.so
[0.859s] -- Up-to-date: /home/iftekharulalam/ros2_ws/install/custom_interfaces/include/custom_interfaces/custom_interfaces
[0.859s] -- Up-to-date: /home/iftekharulalam/ros2_ws/install/custom_interfaces/include/custom_interfaces/custom_interfaces/msg
[0.859s] -- Up-to-date: /home/iftekharulalam/ros2_ws/install/custom_interfaces/include/custom_interfaces/custom_interfaces/msg/rosidl_typesupport_introspection_c__visibility_control.h
[0.859s] -- Up-to-date: /home/iftekharulalam/ros2_ws/install/custom_interfaces/include/custom_interfaces/custom_interfaces/srv
[0.859s] -- Up-to-date: /home/iftekharulalam/ros2_ws/install/custom_interfaces/include/custom_interfaces/custom_interfaces/srv/detail
[0.859s] -- Up-to-date: /home/iftekharulalam/ros2_ws/install/custom_interfaces/include/custom_interfaces/custom_interfaces/srv/detail/component_status__type_support.c
[0.859s] -- Up-to-date: /home/iftekharulalam/ros2_ws/install/custom_interfaces/include/custom_interfaces/custom_interfaces/srv/detail/component_status__rosidl_typesupport_introspection_c.h
[0.859s] -- Up-to-date: /home/iftekharulalam/ros2_ws/install/custom_interfaces/lib/libcustom_interfaces__rosidl_typesupport_introspection_c.so
[0.860s] -- Up-to-date: /home/iftekharulalam/ros2_ws/install/custom_interfaces/lib/libcustom_interfaces__rosidl_typesupport_c.so
[0.860s] -- Up-to-date: /home/iftekharulalam/ros2_ws/install/custom_interfaces/include/custom_interfaces/custom_interfaces
[0.860s] -- Up-to-date: /home/iftekharulalam/ros2_ws/install/custom_interfaces/include/custom_interfaces/custom_interfaces/srv
[0.860s] -- Up-to-date: /home/iftekharulalam/ros2_ws/install/custom_interfaces/include/custom_interfaces/custom_interfaces/srv/component_status.hpp
[0.860s] -- Up-to-date: /home/iftekharulalam/ros2_ws/install/custom_interfaces/include/custom_interfaces/custom_interfaces/srv/detail
[0.860s] -- Up-to-date: /home/iftekharulalam/ros2_ws/install/custom_interfaces/include/custom_interfaces/custom_interfaces/srv/detail/component_status__traits.hpp
[0.860s] -- Up-to-date: /home/iftekharulalam/ros2_ws/install/custom_interfaces/include/custom_interfaces/custom_interfaces/srv/detail/component_status__struct.hpp
[0.860s] -- Up-to-date: /home/iftekharulalam/ros2_ws/install/custom_interfaces/include/custom_interfaces/custom_interfaces/srv/detail/component_status__builder.hpp
[0.860s] -- Up-to-date: /home/iftekharulalam/ros2_ws/install/custom_interfaces/include/custom_interfaces/custom_interfaces
[0.860s] -- Up-to-date: /home/iftekharulalam/ros2_ws/install/custom_interfaces/include/custom_interfaces/custom_interfaces/msg
[0.862s] -- Up-to-date: /home/iftekharulalam/ros2_ws/install/custom_interfaces/include/custom_interfaces/custom_interfaces/msg/rosidl_typesupport_fastrtps_cpp__visibility_control.h
[0.862s] -- Up-to-date: /home/iftekharulalam/ros2_ws/install/custom_interfaces/include/custom_interfaces/custom_interfaces/srv
[0.862s] -- Up-to-date: /home/iftekharulalam/ros2_ws/install/custom_interfaces/include/custom_interfaces/custom_interfaces/srv/detail
[0.862s] -- Up-to-date: /home/iftekharulalam/ros2_ws/install/custom_interfaces/include/custom_interfaces/custom_interfaces/srv/detail/dds_fastrtps
[0.862s] -- Up-to-date: /home/iftekharulalam/ros2_ws/install/custom_interfaces/include/custom_interfaces/custom_interfaces/srv/detail/component_status__rosidl_typesupport_fastrtps_cpp.hpp
[0.862s] -- Up-to-date: /home/iftekharulalam/ros2_ws/install/custom_interfaces/lib/libcustom_interfaces__rosidl_typesupport_fastrtps_cpp.so
[0.862s] -- Up-to-date: /home/iftekharulalam/ros2_ws/install/custom_interfaces/include/custom_interfaces/custom_interfaces
[0.862s] -- Up-to-date: /home/iftekharulalam/ros2_ws/install/custom_interfaces/include/custom_interfaces/custom_interfaces/srv
[0.862s] -- Up-to-date: /home/iftekharulalam/ros2_ws/install/custom_interfaces/include/custom_interfaces/custom_interfaces/srv/detail
[0.862s] -- Up-to-date: /home/iftekharulalam/ros2_ws/install/custom_interfaces/include/custom_interfaces/custom_interfaces/srv/detail/component_status__rosidl_typesupport_introspection_cpp.hpp
[0.862s] -- Up-to-date: /home/iftekharulalam/ros2_ws/install/custom_interfaces/include/custom_interfaces/custom_interfaces/srv/detail/component_status__type_support.cpp
[0.863s] -- Up-to-date: /home/iftekharulalam/ros2_ws/install/custom_interfaces/lib/libcustom_interfaces__rosidl_typesupport_introspection_cpp.so
[0.863s] -- Up-to-date: /home/iftekharulalam/ros2_ws/install/custom_interfaces/lib/libcustom_interfaces__rosidl_typesupport_cpp.so
[0.863s] -- Up-to-date: /home/iftekharulalam/ros2_ws/install/custom_interfaces/share/custom_interfaces/environment/pythonpath.sh
[0.863s] -- Up-to-date: /home/iftekharulalam/ros2_ws/install/custom_interfaces/share/custom_interfaces/environment/pythonpath.dsv
[0.863s] -- Up-to-date: /home/iftekharulalam/ros2_ws/install/custom_interfaces/local/lib/python3.10/dist-packages/custom_interfaces-0.0.0-py3.10.egg-info
[0.863s] -- Installing: /home/iftekharulalam/ros2_ws/install/custom_interfaces/local/lib/python3.10/dist-packages/custom_interfaces-0.0.0-py3.10.egg-info/top_level.txt
[0.863s] -- Installing: /home/iftekharulalam/ros2_ws/install/custom_interfaces/local/lib/python3.10/dist-packages/custom_interfaces-0.0.0-py3.10.egg-info/PKG-INFO
[0.863s] -- Installing: /home/iftekharulalam/ros2_ws/install/custom_interfaces/local/lib/python3.10/dist-packages/custom_interfaces-0.0.0-py3.10.egg-info/SOURCES.txt
[0.863s] -- Installing: /home/iftekharulalam/ros2_ws/install/custom_interfaces/local/lib/python3.10/dist-packages/custom_interfaces-0.0.0-py3.10.egg-info/dependency_links.txt
[0.863s] -- Up-to-date: /home/iftekharulalam/ros2_ws/install/custom_interfaces/local/lib/python3.10/dist-packages/custom_interfaces
[0.863s] -- Up-to-date: /home/iftekharulalam/ros2_ws/install/custom_interfaces/local/lib/python3.10/dist-packages/custom_interfaces/_custom_interfaces_s.ep.rosidl_typesupport_introspection_c.c
[0.863s] -- Up-to-date: /home/iftekharulalam/ros2_ws/install/custom_interfaces/local/lib/python3.10/dist-packages/custom_interfaces/_custom_interfaces_s.ep.rosidl_typesupport_c.c
[0.863s] -- Up-to-date: /home/iftekharulalam/ros2_ws/install/custom_interfaces/local/lib/python3.10/dist-packages/custom_interfaces/custom_interfaces_s__rosidl_typesupport_fastrtps_c.cpython-310-x86_64-linux-gnu.so
[0.863s] -- Up-to-date: /home/iftekharulalam/ros2_ws/install/custom_interfaces/local/lib/python3.10/dist-packages/custom_interfaces/srv
[0.863s] -- Up-to-date: /home/iftekharulalam/ros2_ws/install/custom_interfaces/local/lib/python3.10/dist-packages/custom_interfaces/srv/_component_status_s.c
[0.864s] -- Up-to-date: /home/iftekharulalam/ros2_ws/install/custom_interfaces/local/lib/python3.10/dist-packages/custom_interfaces/srv/__init__.py
[0.864s] -- Up-to-date: /home/iftekharulalam/ros2_ws/install/custom_interfaces/local/lib/python3.10/dist-packages/custom_interfaces/srv/_component_status.py
[0.864s] -- Up-to-date: /home/iftekharulalam/ros2_ws/install/custom_interfaces/local/lib/python3.10/dist-packages/custom_interfaces/_custom_interfaces_s.ep.rosidl_typesupport_fastrtps_c.c
[0.864s] -- Up-to-date: /home/iftekharulalam/ros2_ws/install/custom_interfaces/local/lib/python3.10/dist-packages/custom_interfaces/__init__.py
[0.864s] -- Up-to-date: /home/iftekharulalam/ros2_ws/install/custom_interfaces/local/lib/python3.10/dist-packages/custom_interfaces/custom_interfaces_s__rosidl_typesupport_introspection_c.cpython-310-x86_64-linux-gnu.so
[0.864s] -- Up-to-date: /home/iftekharulalam/ros2_ws/install/custom_interfaces/local/lib/python3.10/dist-packages/custom_interfaces/libcustom_interfaces__rosidl_generator_py.so
[0.864s] -- Up-to-date: /home/iftekharulalam/ros2_ws/install/custom_interfaces/local/lib/python3.10/dist-packages/custom_interfaces/custom_interfaces_s__rosidl_typesupport_c.cpython-310-x86_64-linux-gnu.so
[0.895s] Listing '/home/iftekharulalam/ros2_ws/install/custom_interfaces/local/lib/python3.10/dist-packages/custom_interfaces'...
[0.895s] Listing '/home/iftekharulalam/ros2_ws/install/custom_interfaces/local/lib/python3.10/dist-packages/custom_interfaces/srv'...
[0.901s] -- Up-to-date: /home/iftekharulalam/ros2_ws/install/custom_interfaces/local/lib/python3.10/dist-packages/custom_interfaces/custom_interfaces_s__rosidl_typesupport_fastrtps_c.cpython-310-x86_64-linux-gnu.so
[0.901s] -- Up-to-date: /home/iftekharulalam/ros2_ws/install/custom_interfaces/local/lib/python3.10/dist-packages/custom_interfaces/custom_interfaces_s__rosidl_typesupport_introspection_c.cpython-310-x86_64-linux-gnu.so
[0.901s] -- Up-to-date: /home/iftekharulalam/ros2_ws/install/custom_interfaces/local/lib/python3.10/dist-packages/custom_interfaces/custom_interfaces_s__rosidl_typesupport_c.cpython-310-x86_64-linux-gnu.so
[0.902s] -- Up-to-date: /home/iftekharulalam/ros2_ws/install/custom_interfaces/lib/libcustom_interfaces__rosidl_generator_py.so
[0.902s] -- Up-to-date: /home/iftekharulalam/ros2_ws/install/custom_interfaces/share/custom_interfaces/srv/ComponentStatus.idl
[0.902s] -- Up-to-date: /home/iftekharulalam/ros2_ws/install/custom_interfaces/share/custom_interfaces/srv/ComponentStatus.srv
[0.902s] -- Up-to-date: /home/iftekharulalam/ros2_ws/install/custom_interfaces/share/custom_interfaces/srv/ComponentStatus_Request.msg
[0.903s] -- Up-to-date: /home/iftekharulalam/ros2_ws/install/custom_interfaces/share/custom_interfaces/srv/ComponentStatus_Response.msg
[0.903s] -- Up-to-date: /home/iftekharulalam/ros2_ws/install/custom_interfaces/share/ament_index/resource_index/package_run_dependencies/custom_interfaces
[0.903s] -- Up-to-date: /home/iftekharulalam/ros2_ws/install/custom_interfaces/share/ament_index/resource_index/parent_prefix_path/custom_interfaces
[0.903s] -- Up-to-date: /home/iftekharulalam/ros2_ws/install/custom_interfaces/share/custom_interfaces/environment/ament_prefix_path.sh
[0.903s] -- Up-to-date: /home/iftekharulalam/ros2_ws/install/custom_interfaces/share/custom_interfaces/environment/ament_prefix_path.dsv
[0.903s] -- Up-to-date: /home/iftekharulalam/ros2_ws/install/custom_interfaces/share/custom_interfaces/environment/path.sh
[0.907s] -- Up-to-date: /home/iftekharulalam/ros2_ws/install/custom_interfaces/share/custom_interfaces/environment/path.dsv
[0.907s] -- Up-to-date: /home/iftekharulalam/ros2_ws/install/custom_interfaces/share/custom_interfaces/local_setup.bash
[0.907s] -- Up-to-date: /home/iftekharulalam/ros2_ws/install/custom_interfaces/share/custom_interfaces/local_setup.sh
[0.907s] -- Up-to-date: /home/iftekharulalam/ros2_ws/install/custom_interfaces/share/custom_interfaces/local_setup.zsh
[0.907s] -- Up-to-date: /home/iftekharulalam/ros2_ws/install/custom_interfaces/share/custom_interfaces/local_setup.dsv
[0.907s] -- Installing: /home/iftekharulalam/ros2_ws/install/custom_interfaces/share/custom_interfaces/package.dsv
[0.907s] -- Up-to-date: /home/iftekharulalam/ros2_ws/install/custom_interfaces/share/ament_index/resource_index/packages/custom_interfaces
[0.907s] -- Up-to-date: /home/iftekharulalam/ros2_ws/install/custom_interfaces/share/custom_interfaces/cmake/export_custom_interfaces__rosidl_generator_cExport.cmake
[0.907s] -- Up-to-date: /home/iftekharulalam/ros2_ws/install/custom_interfaces/share/custom_interfaces/cmake/export_custom_interfaces__rosidl_generator_cExport-noconfig.cmake
[0.908s] -- Up-to-date: /home/iftekharulalam/ros2_ws/install/custom_interfaces/share/custom_interfaces/cmake/export_custom_interfaces__rosidl_typesupport_fastrtps_cExport.cmake
[0.908s] -- Up-to-date: /home/iftekharulalam/ros2_ws/install/custom_interfaces/share/custom_interfaces/cmake/export_custom_interfaces__rosidl_typesupport_fastrtps_cExport-noconfig.cmake
[0.908s] -- Up-to-date: /home/iftekharulalam/ros2_ws/install/custom_interfaces/share/custom_interfaces/cmake/custom_interfaces__rosidl_typesupport_introspection_cExport.cmake
[0.908s] -- Up-to-date: /home/iftekharulalam/ros2_ws/install/custom_interfaces/share/custom_interfaces/cmake/custom_interfaces__rosidl_typesupport_introspection_cExport-noconfig.cmake
[0.908s] -- Up-to-date: /home/iftekharulalam/ros2_ws/install/custom_interfaces/share/custom_interfaces/cmake/custom_interfaces__rosidl_typesupport_cExport.cmake
[0.908s] -- Up-to-date: /home/iftekharulalam/ros2_ws/install/custom_interfaces/share/custom_interfaces/cmake/custom_interfaces__rosidl_typesupport_cExport-noconfig.cmake
[0.908s] -- Up-to-date: /home/iftekharulalam/ros2_ws/install/custom_interfaces/share/custom_interfaces/cmake/export_custom_interfaces__rosidl_generator_cppExport.cmake
[0.908s] -- Up-to-date: /home/iftekharulalam/ros2_ws/install/custom_interfaces/share/custom_interfaces/cmake/export_custom_interfaces__rosidl_typesupport_fastrtps_cppExport.cmake
[0.908s] -- Up-to-date: /home/iftekharulalam/ros2_ws/install/custom_interfaces/share/custom_interfaces/cmake/export_custom_interfaces__rosidl_typesupport_fastrtps_cppExport-noconfig.cmake
[0.908s] -- Up-to-date: /home/iftekharulalam/ros2_ws/install/custom_interfaces/share/custom_interfaces/cmake/custom_interfaces__rosidl_typesupport_introspection_cppExport.cmake
[0.908s] -- Up-to-date: /home/iftekharulalam/ros2_ws/install/custom_interfaces/share/custom_interfaces/cmake/custom_interfaces__rosidl_typesupport_introspection_cppExport-noconfig.cmake
[0.908s] -- Up-to-date: /home/iftekharulalam/ros2_ws/install/custom_interfaces/share/custom_interfaces/cmake/custom_interfaces__rosidl_typesupport_cppExport.cmake
[0.908s] -- Up-to-date: /home/iftekharulalam/ros2_ws/install/custom_interfaces/share/custom_interfaces/cmake/custom_interfaces__rosidl_typesupport_cppExport-noconfig.cmake
[0.908s] -- Up-to-date: /home/iftekharulalam/ros2_ws/install/custom_interfaces/share/custom_interfaces/cmake/export_custom_interfaces__rosidl_generator_pyExport.cmake
[0.909s] -- Up-to-date: /home/iftekharulalam/ros2_ws/install/custom_interfaces/share/custom_interfaces/cmake/export_custom_interfaces__rosidl_generator_pyExport-noconfig.cmake
[0.909s] -- Up-to-date: /home/iftekharulalam/ros2_ws/install/custom_interfaces/share/custom_interfaces/cmake/rosidl_cmake-extras.cmake
[0.909s] -- Up-to-date: /home/iftekharulalam/ros2_ws/install/custom_interfaces/share/custom_interfaces/cmake/ament_cmake_export_include_directories-extras.cmake
[0.909s] -- Up-to-date: /home/iftekharulalam/ros2_ws/install/custom_interfaces/share/custom_interfaces/cmake/ament_cmake_export_libraries-extras.cmake
[0.909s] -- Up-to-date: /home/iftekharulalam/ros2_ws/install/custom_interfaces/share/custom_interfaces/cmake/ament_cmake_export_targets-extras.cmake
[0.909s] -- Up-to-date: /home/iftekharulalam/ros2_ws/install/custom_interfaces/share/custom_interfaces/cmake/rosidl_cmake_export_typesupport_targets-extras.cmake
[0.909s] -- Up-to-date: /home/iftekharulalam/ros2_ws/install/custom_interfaces/share/custom_interfaces/cmake/ament_cmake_export_dependencies-extras.cmake
[0.909s] -- Up-to-date: /home/iftekharulalam/ros2_ws/install/custom_interfaces/share/custom_interfaces/cmake/rosidl_cmake_export_typesupport_libraries-extras.cmake
[0.909s] -- Up-to-date: /home/iftekharulalam/ros2_ws/install/custom_interfaces/share/custom_interfaces/cmake/custom_interfacesConfig.cmake
[0.909s] -- Up-to-date: /home/iftekharulalam/ros2_ws/install/custom_interfaces/share/custom_interfaces/cmake/custom_interfacesConfig-version.cmake
[0.909s] -- Up-to-date: /home/iftekharulalam/ros2_ws/install/custom_interfaces/share/custom_interfaces/package.xml
[0.920s] Invoked command in '/home/iftekharulalam/ros2_ws/build/custom_interfaces' returned '0': CMAKE_PREFIX_PATH=/opt/ros/humble /usr/bin/cmake --install /home/iftekharulalam/ros2_ws/build/custom_interfaces
