[0.019s] Invoking command in '/home/iftekharulalam/ros2_ws/build/custom_interfaces': CMAKE_PREFIX_PATH=/home/iftekharulalam/ros2_ws/install/perception:/opt/ros/humble /usr/bin/cmake /home/iftekharulalam/ros2_ws/src/custom_interfaces -DCMAKE_INSTALL_PREFIX=/home/iftekharulalam/ros2_ws/install/custom_interfaces
[0.460s] -- The C compiler identification is GNU 11.3.0
[1.662s] -- The CXX compiler identification is GNU 11.3.0
[2.552s] -- Detecting C compiler ABI info
[2.830s] -- Detecting C compiler ABI info - done
[2.839s] -- Check for working C compiler: /usr/bin/cc - skipped
[2.842s] -- Detecting C compile features
[2.846s] -- Detecting C compile features - done
[2.853s] -- Detecting CXX compiler ABI info
[3.154s] -- Detecting CXX compiler ABI info - done
[3.162s] -- Check for working CXX compiler: /usr/bin/c++ - skipped
[3.162s] -- Detecting CXX compile features
[3.163s] -- Detecting CXX compile features - done
[3.183s] -- Found ament_cmake: 1.3.4 (/opt/ros/humble/share/ament_cmake/cmake)
[3.386s] -- Found Python3: /usr/bin/python3.10 (found version "3.10.6") found components: Interpreter 
[3.574s] -- Found rosidl_default_generators: 1.2.0 (/opt/ros/humble/share/rosidl_default_generators/cmake)
[3.592s] -- Using all available rosidl_typesupport_c: rosidl_typesupport_fastrtps_c;rosidl_typesupport_introspection_c
[3.616s] -- Found rosidl_adapter: 3.1.4 (/opt/ros/humble/share/rosidl_adapter/cmake)
[4.006s] -- Using all available rosidl_typesupport_cpp: rosidl_typesupport_fastrtps_cpp;rosidl_typesupport_introspection_cpp
[4.090s] [31mCMake Error at /opt/ros/humble/share/rosidl_cmake/cmake/rosidl_generate_interfaces.cmake:93 (message):
[4.090s]   rosidl_generate_interfaces() the passed file
[4.090s]   '“srv/ComponentStatus.srv”' doesn't exist relative to the
[4.091s]   CMAKE_CURRENT_SOURCE_DIR
[4.091s]   '/home/iftekharulalam/ros2_ws/src/custom_interfaces'
[4.091s] Call Stack (most recent call first):
[4.091s]   CMakeLists.txt:15 (rosidl_generate_interfaces)
[4.091s] 
[4.091s] [0m
[4.091s] -- Configuring incomplete, errors occurred!
[4.091s] See also "/home/iftekharulalam/ros2_ws/build/custom_interfaces/CMakeFiles/CMakeOutput.log".
[4.098s] Invoked command in '/home/iftekharulalam/ros2_ws/build/custom_interfaces' returned '1': CMAKE_PREFIX_PATH=/home/iftekharulalam/ros2_ws/install/perception:/opt/ros/humble /usr/bin/cmake /home/iftekharulalam/ros2_ws/src/custom_interfaces -DCMAKE_INSTALL_PREFIX=/home/iftekharulalam/ros2_ws/install/custom_interfaces
